<?xml version="1.0" encoding="UTF-8"?>
<testsuite name="com.jojoldu.book.springboot.web.HelloControllerTest" tests="2" skipped="0" failures="0" errors="0" timestamp="2020-05-06T08:43:03" hostname="DESKTOP-BTAJGI1" time="0.18">
  <properties/>
  <testcase name="hello가_리턴된다" classname="com.jojoldu.book.springboot.web.HelloControllerTest" time="0.063"/>
  <testcase name="helloDto가_리턴된다" classname="com.jojoldu.book.springboot.web.HelloControllerTest" time="0.116"/>
  <system-out><![CDATA[2020-05-06 17:43:02.577  INFO 12132 --- [    Test worker] .b.t.a.w.s.WebMvcTestContextBootstrapper : Neither @ContextConfiguration nor @ContextHierarchy found for test class [com.jojoldu.book.springboot.web.HelloControllerTest], using SpringBootContextLoader
2020-05-06 17:43:02.579  INFO 12132 --- [    Test worker] o.s.t.c.support.AbstractContextLoader    : Could not detect default resource locations for test class [com.jojoldu.book.springboot.web.HelloControllerTest]: no resource found for suffixes {-context.xml, Context.groovy}.
2020-05-06 17:43:02.579  INFO 12132 --- [    Test worker] t.c.s.AnnotationConfigContextLoaderUtils : Could not detect default configuration classes for test class [com.jojoldu.book.springboot.web.HelloControllerTest]: HelloControllerTest does not declare any static, non-private, non-final, nested classes annotated with @Configuration.
2020-05-06 17:43:02.604  INFO 12132 --- [    Test worker] .b.t.c.SpringBootTestContextBootstrapper : Found @SpringBootConfiguration com.jojoldu.book.springboot.Application for test class com.jojoldu.book.springboot.web.HelloControllerTest
2020-05-06 17:43:02.605  INFO 12132 --- [    Test worker] .b.t.a.w.s.WebMvcTestContextBootstrapper : Loaded default TestExecutionListener class names from location [META-INF/spring.factories]: [org.springframework.security.test.context.support.WithSecurityContextTestExecutionListener, org.springframework.security.test.context.support.ReactorContextTestExecutionListener, org.springframework.boot.test.autoconfigure.restdocs.RestDocsTestExecutionListener, org.springframework.boot.test.autoconfigure.web.client.MockRestServiceServerResetTestExecutionListener, org.springframework.boot.test.autoconfigure.web.servlet.MockMvcPrintOnlyOnFailureTestExecutionListener, org.springframework.boot.test.autoconfigure.web.servlet.WebDriverTestExecutionListener, org.springframework.boot.test.mock.mockito.MockitoTestExecutionListener, org.springframework.boot.test.mock.mockito.ResetMocksTestExecutionListener, org.springframework.test.context.web.ServletTestExecutionListener, org.springframework.test.context.support.DirtiesContextBeforeModesTestExecutionListener, org.springframework.test.context.support.DependencyInjectionTestExecutionListener, org.springframework.test.context.support.DirtiesContextTestExecutionListener, org.springframework.test.context.transaction.TransactionalTestExecutionListener, org.springframework.test.context.jdbc.SqlScriptsTestExecutionListener]
2020-05-06 17:43:02.606  INFO 12132 --- [    Test worker] .b.t.a.w.s.WebMvcTestContextBootstrapper : Using TestExecutionListeners: [org.springframework.test.context.web.ServletTestExecutionListener@453885f1, org.springframework.test.context.support.DirtiesContextBeforeModesTestExecutionListener@4fe29c22, org.springframework.boot.test.mock.mockito.MockitoTestExecutionListener@accff93, org.springframework.boot.test.autoconfigure.SpringBootDependencyInjectionTestExecutionListener@1dab9e91, org.springframework.test.context.support.DirtiesContextTestExecutionListener@1c3d87d8, org.springframework.test.context.transaction.TransactionalTestExecutionListener@47e51bf1, org.springframework.test.context.jdbc.SqlScriptsTestExecutionListener@2ab844f9, org.springframework.security.test.context.support.WithSecurityContextTestExecutionListener@6ba60829, org.springframework.security.test.context.support.ReactorContextTestExecutionListener@1bd541c2, org.springframework.boot.test.autoconfigure.restdocs.RestDocsTestExecutionListener@7480ebda, org.springframework.boot.test.autoconfigure.web.client.MockRestServiceServerResetTestExecutionListener@1cf7f63f, org.springframework.boot.test.autoconfigure.web.servlet.MockMvcPrintOnlyOnFailureTestExecutionListener@474b42c8, org.springframework.boot.test.autoconfigure.web.servlet.WebDriverTestExecutionListener@7621d0b2, org.springframework.boot.test.mock.mockito.ResetMocksTestExecutionListener@58c3b97]

  .   ____          _            __ _ _
 /\\ / ___'_ __ _ _(_)_ __  __ _ \ \ \ \
( ( )\___ | '_ | '_| | '_ \/ _` | \ \ \ \
 \\/  ___)| |_)| | | | | || (_| |  ) ) ) )
  '  |____| .__|_| |_|_| |_\__, | / / / /
 =========|_|==============|___/=/_/_/_/
 :: Spring Boot ::        (v2.1.9.RELEASE)

2020-05-06 17:43:02.659  INFO 12132 --- [    Test worker] c.j.b.s.web.HelloControllerTest          : Starting HelloControllerTest on DESKTOP-BTAJGI1 with PID 12132 (started by user in C:\Users\user\IdeaProjects\SpringBoot-WebService)
2020-05-06 17:43:02.661  INFO 12132 --- [    Test worker] c.j.b.s.web.HelloControllerTest          : No active profile set, falling back to default profiles: default
2020-05-06 17:43:03.193  INFO 12132 --- [    Test worker] o.s.s.concurrent.ThreadPoolTaskExecutor  : Initializing ExecutorService 'applicationTaskExecutor'
2020-05-06 17:43:03.232  INFO 12132 --- [    Test worker] o.s.b.a.w.s.WelcomePageHandlerMapping    : Adding welcome page template: index
2020-05-06 17:43:03.506  INFO 12132 --- [    Test worker] .s.s.UserDetailsServiceAutoConfiguration : 

Using generated security password: d2bed604-089c-4df2-9d3c-514072d1e4c2

2020-05-06 17:43:03.657  INFO 12132 --- [    Test worker] o.s.s.web.DefaultSecurityFilterChain     : Creating filter chain: any request, [org.springframework.security.web.context.request.async.WebAsyncManagerIntegrationFilter@63b29b59, org.springframework.security.web.context.SecurityContextPersistenceFilter@6d811473, org.springframework.security.web.header.HeaderWriterFilter@13322e30, org.springframework.security.web.csrf.CsrfFilter@155c9769, org.springframework.security.web.authentication.logout.LogoutFilter@213a58a7, org.springframework.security.web.authentication.UsernamePasswordAuthenticationFilter@700edda8, org.springframework.security.web.authentication.ui.DefaultLoginPageGeneratingFilter@27592a8e, org.springframework.security.web.authentication.ui.DefaultLogoutPageGeneratingFilter@6bf109d, org.springframework.security.web.authentication.www.BasicAuthenticationFilter@5b4c9585, org.springframework.security.web.savedrequest.RequestCacheAwareFilter@6759c0bc, org.springframework.security.web.servletapi.SecurityContextHolderAwareRequestFilter@651831c9, org.springframework.security.web.authentication.AnonymousAuthenticationFilter@39e04d72, org.springframework.security.web.session.SessionManagementFilter@622404e0, org.springframework.security.web.access.ExceptionTranslationFilter@43093b64, org.springframework.security.web.access.intercept.FilterSecurityInterceptor@578db5d5]
2020-05-06 17:43:03.694  INFO 12132 --- [    Test worker] o.s.b.t.m.w.SpringBootMockServletContext : Initializing Spring TestDispatcherServlet ''
2020-05-06 17:43:03.694  INFO 12132 --- [    Test worker] o.s.t.web.servlet.TestDispatcherServlet  : Initializing Servlet ''
2020-05-06 17:43:03.707  INFO 12132 --- [    Test worker] o.s.t.web.servlet.TestDispatcherServlet  : Completed initialization in 12 ms
2020-05-06 17:43:03.736  INFO 12132 --- [    Test worker] c.j.b.s.web.HelloControllerTest          : Started HelloControllerTest in 1.126 seconds (JVM running for 10.944)
]]></system-out>
  <system-err><![CDATA[]]></system-err>
</testsuite>
