<?xml version="1.0" encoding="UTF-8"?>
<testsuite name="com.jojoldu.book.springboot.web.HelloControllerTest" tests="2" skipped="0" failures="0" errors="0" timestamp="2020-05-27T02:26:14" hostname="DESKTOP-BTAJGI1" time="0.042">
  <properties/>
  <testcase name="hello가_리턴된다" classname="com.jojoldu.book.springboot.web.HelloControllerTest" time="0.014"/>
  <testcase name="helloDto가_리턴된다" classname="com.jojoldu.book.springboot.web.HelloControllerTest" time="0.028"/>
  <system-out><![CDATA[2020-05-27 11:26:13.245  INFO 12432 --- [    Test worker] .b.t.a.w.s.WebMvcTestContextBootstrapper : Neither @ContextConfiguration nor @ContextHierarchy found for test class [com.jojoldu.book.springboot.web.HelloControllerTest], using SpringBootContextLoader
2020-05-27 11:26:13.245  INFO 12432 --- [    Test worker] o.s.t.c.support.AbstractContextLoader    : Could not detect default resource locations for test class [com.jojoldu.book.springboot.web.HelloControllerTest]: no resource found for suffixes {-context.xml, Context.groovy}.
2020-05-27 11:26:13.245  INFO 12432 --- [    Test worker] t.c.s.AnnotationConfigContextLoaderUtils : Could not detect default configuration classes for test class [com.jojoldu.book.springboot.web.HelloControllerTest]: HelloControllerTest does not declare any static, non-private, non-final, nested classes annotated with @Configuration.
2020-05-27 11:26:13.276  INFO 12432 --- [    Test worker] .b.t.c.SpringBootTestContextBootstrapper : Found @SpringBootConfiguration com.jojoldu.book.springboot.Application for test class com.jojoldu.book.springboot.web.HelloControllerTest
2020-05-27 11:26:13.276  INFO 12432 --- [    Test worker] .b.t.a.w.s.WebMvcTestContextBootstrapper : Loaded default TestExecutionListener class names from location [META-INF/spring.factories]: [org.springframework.security.test.context.support.WithSecurityContextTestExecutionListener, org.springframework.security.test.context.support.ReactorContextTestExecutionListener, org.springframework.boot.test.autoconfigure.restdocs.RestDocsTestExecutionListener, org.springframework.boot.test.autoconfigure.web.client.MockRestServiceServerResetTestExecutionListener, org.springframework.boot.test.autoconfigure.web.servlet.MockMvcPrintOnlyOnFailureTestExecutionListener, org.springframework.boot.test.autoconfigure.web.servlet.WebDriverTestExecutionListener, org.springframework.boot.test.mock.mockito.MockitoTestExecutionListener, org.springframework.boot.test.mock.mockito.ResetMocksTestExecutionListener, org.springframework.test.context.web.ServletTestExecutionListener, org.springframework.test.context.support.DirtiesContextBeforeModesTestExecutionListener, org.springframework.test.context.support.DependencyInjectionTestExecutionListener, org.springframework.test.context.support.DirtiesContextTestExecutionListener, org.springframework.test.context.transaction.TransactionalTestExecutionListener, org.springframework.test.context.jdbc.SqlScriptsTestExecutionListener]
2020-05-27 11:26:13.276  INFO 12432 --- [    Test worker] .b.t.a.w.s.WebMvcTestContextBootstrapper : Using TestExecutionListeners: [org.springframework.test.context.web.ServletTestExecutionListener@7c346728, org.springframework.test.context.support.DirtiesContextBeforeModesTestExecutionListener@6f04dcd3, org.springframework.boot.test.mock.mockito.MockitoTestExecutionListener@6a75371a, org.springframework.boot.test.autoconfigure.SpringBootDependencyInjectionTestExecutionListener@3db68bc9, org.springframework.test.context.support.DirtiesContextTestExecutionListener@6264b670, org.springframework.test.context.transaction.TransactionalTestExecutionListener@2bcf1cab, org.springframework.test.context.jdbc.SqlScriptsTestExecutionListener@6841332f, org.springframework.security.test.context.support.WithSecurityContextTestExecutionListener@61a0152d, org.springframework.security.test.context.support.ReactorContextTestExecutionListener@2630f85f, org.springframework.boot.test.autoconfigure.restdocs.RestDocsTestExecutionListener@75499276, org.springframework.boot.test.autoconfigure.web.client.MockRestServiceServerResetTestExecutionListener@14f00fbb, org.springframework.boot.test.autoconfigure.web.servlet.MockMvcPrintOnlyOnFailureTestExecutionListener@75987975, org.springframework.boot.test.autoconfigure.web.servlet.WebDriverTestExecutionListener@54cb8599, org.springframework.boot.test.mock.mockito.ResetMocksTestExecutionListener@6d286754]

  .   ____          _            __ _ _
 /\\ / ___'_ __ _ _(_)_ __  __ _ \ \ \ \
( ( )\___ | '_ | '_| | '_ \/ _` | \ \ \ \
 \\/  ___)| |_)| | | | | || (_| |  ) ) ) )
  '  |____| .__|_| |_|_| |_\__, | / / / /
 =========|_|==============|___/=/_/_/_/
 :: Spring Boot ::        (v2.1.9.RELEASE)

2020-05-27 11:26:13.323  INFO 12432 --- [    Test worker] c.j.b.s.web.HelloControllerTest          : Starting HelloControllerTest on DESKTOP-BTAJGI1 with PID 12432 (started by user in C:\Users\user\IdeaProjects\SpringBoot-WebService)
2020-05-27 11:26:13.323  INFO 12432 --- [    Test worker] c.j.b.s.web.HelloControllerTest          : No active profile set, falling back to default profiles: default
2020-05-27 11:26:13.823  INFO 12432 --- [    Test worker] o.s.s.concurrent.ThreadPoolTaskExecutor  : Initializing ExecutorService 'applicationTaskExecutor'
2020-05-27 11:26:13.854  INFO 12432 --- [    Test worker] o.s.b.a.w.s.WelcomePageHandlerMapping    : Adding welcome page template: index
2020-05-27 11:26:14.073  INFO 12432 --- [    Test worker] .s.s.UserDetailsServiceAutoConfiguration : 

Using generated security password: 6d930ba9-d4ad-4a60-b741-a3cb981be67d

2020-05-27 11:26:14.198  INFO 12432 --- [    Test worker] o.s.s.web.DefaultSecurityFilterChain     : Creating filter chain: any request, [org.springframework.security.web.context.request.async.WebAsyncManagerIntegrationFilter@79242abb, org.springframework.security.web.context.SecurityContextPersistenceFilter@d8b72a4, org.springframework.security.web.header.HeaderWriterFilter@38607b4c, org.springframework.security.web.csrf.CsrfFilter@4e5f22c8, org.springframework.security.web.authentication.logout.LogoutFilter@71bed1da, org.springframework.security.web.authentication.UsernamePasswordAuthenticationFilter@6ae71374, org.springframework.security.web.authentication.ui.DefaultLoginPageGeneratingFilter@1ca23392, org.springframework.security.web.authentication.ui.DefaultLogoutPageGeneratingFilter@62a2ae4c, org.springframework.security.web.authentication.www.BasicAuthenticationFilter@7e5b61a2, org.springframework.security.web.savedrequest.RequestCacheAwareFilter@5a7fb358, org.springframework.security.web.servletapi.SecurityContextHolderAwareRequestFilter@61fe0940, org.springframework.security.web.authentication.AnonymousAuthenticationFilter@475195cb, org.springframework.security.web.session.SessionManagementFilter@f9e57ea, org.springframework.security.web.access.ExceptionTranslationFilter@3ba833e, org.springframework.security.web.access.intercept.FilterSecurityInterceptor@53837253]
2020-05-27 11:26:14.214  INFO 12432 --- [    Test worker] o.s.b.t.m.w.SpringBootMockServletContext : Initializing Spring TestDispatcherServlet ''
2020-05-27 11:26:14.214  INFO 12432 --- [    Test worker] o.s.t.web.servlet.TestDispatcherServlet  : Initializing Servlet ''
2020-05-27 11:26:14.229  INFO 12432 --- [    Test worker] o.s.t.web.servlet.TestDispatcherServlet  : Completed initialization in 15 ms
2020-05-27 11:26:14.245  INFO 12432 --- [    Test worker] c.j.b.s.web.HelloControllerTest          : Started HelloControllerTest in 0.969 seconds (JVM running for 12.193)
]]></system-out>
  <system-err><![CDATA[]]></system-err>
</testsuite>
