<?xml version="1.0" encoding="UTF-8"?>
<testsuite name="com.jojoldu.book.springboot.web.PostsApiControllerTest" tests="2" skipped="0" failures="0" errors="0" timestamp="2020-05-06T08:43:06" hostname="DESKTOP-BTAJGI1" time="0.118">
  <properties/>
  <testcase name="Posts_등록된다" classname="com.jojoldu.book.springboot.web.PostsApiControllerTest" time="0.084"/>
  <testcase name="Posts_수정된다" classname="com.jojoldu.book.springboot.web.PostsApiControllerTest" time="0.033"/>
  <system-out><![CDATA[2020-05-06 17:43:06.743  INFO 12132 --- [    Test worker] .b.t.c.SpringBootTestContextBootstrapper : Neither @ContextConfiguration nor @ContextHierarchy found for test class [com.jojoldu.book.springboot.web.PostsApiControllerTest], using SpringBootContextLoader
2020-05-06 17:43:06.745  INFO 12132 --- [    Test worker] o.s.t.c.support.AbstractContextLoader    : Could not detect default resource locations for test class [com.jojoldu.book.springboot.web.PostsApiControllerTest]: no resource found for suffixes {-context.xml, Context.groovy}.
2020-05-06 17:43:06.745  INFO 12132 --- [    Test worker] t.c.s.AnnotationConfigContextLoaderUtils : Could not detect default configuration classes for test class [com.jojoldu.book.springboot.web.PostsApiControllerTest]: PostsApiControllerTest does not declare any static, non-private, non-final, nested classes annotated with @Configuration.
2020-05-06 17:43:06.747  INFO 12132 --- [    Test worker] .b.t.c.SpringBootTestContextBootstrapper : Found @SpringBootConfiguration com.jojoldu.book.springboot.Application for test class com.jojoldu.book.springboot.web.PostsApiControllerTest
2020-05-06 17:43:06.750  INFO 12132 --- [    Test worker] .b.t.c.SpringBootTestContextBootstrapper : Loaded default TestExecutionListener class names from location [META-INF/spring.factories]: [org.springframework.security.test.context.support.WithSecurityContextTestExecutionListener, org.springframework.security.test.context.support.ReactorContextTestExecutionListener, org.springframework.boot.test.autoconfigure.restdocs.RestDocsTestExecutionListener, org.springframework.boot.test.autoconfigure.web.client.MockRestServiceServerResetTestExecutionListener, org.springframework.boot.test.autoconfigure.web.servlet.MockMvcPrintOnlyOnFailureTestExecutionListener, org.springframework.boot.test.autoconfigure.web.servlet.WebDriverTestExecutionListener, org.springframework.boot.test.mock.mockito.MockitoTestExecutionListener, org.springframework.boot.test.mock.mockito.ResetMocksTestExecutionListener, org.springframework.test.context.web.ServletTestExecutionListener, org.springframework.test.context.support.DirtiesContextBeforeModesTestExecutionListener, org.springframework.test.context.support.DependencyInjectionTestExecutionListener, org.springframework.test.context.support.DirtiesContextTestExecutionListener, org.springframework.test.context.transaction.TransactionalTestExecutionListener, org.springframework.test.context.jdbc.SqlScriptsTestExecutionListener]
2020-05-06 17:43:06.751  INFO 12132 --- [    Test worker] .b.t.c.SpringBootTestContextBootstrapper : Using TestExecutionListeners: [org.springframework.test.context.web.ServletTestExecutionListener@1c56b435, org.springframework.test.context.support.DirtiesContextBeforeModesTestExecutionListener@5db7b60, org.springframework.boot.test.mock.mockito.MockitoTestExecutionListener@13020b11, org.springframework.boot.test.autoconfigure.SpringBootDependencyInjectionTestExecutionListener@74ec82f1, org.springframework.test.context.support.DirtiesContextTestExecutionListener@5d326745, org.springframework.test.context.transaction.TransactionalTestExecutionListener@36c17f8, org.springframework.test.context.jdbc.SqlScriptsTestExecutionListener@b5ce07, org.springframework.security.test.context.support.WithSecurityContextTestExecutionListener@105e2fea, org.springframework.security.test.context.support.ReactorContextTestExecutionListener@5e987aeb, org.springframework.boot.test.autoconfigure.restdocs.RestDocsTestExecutionListener@3d287517, org.springframework.boot.test.autoconfigure.web.client.MockRestServiceServerResetTestExecutionListener@13c34143, org.springframework.boot.test.autoconfigure.web.servlet.MockMvcPrintOnlyOnFailureTestExecutionListener@72831dae, org.springframework.boot.test.autoconfigure.web.servlet.WebDriverTestExecutionListener@6f517e37, org.springframework.boot.test.mock.mockito.ResetMocksTestExecutionListener@11af2e07]
2020-05-06 17:43:06.764  INFO 12132 --- [    Test worker] o.a.c.c.C.[Tomcat].[localhost].[/]       : Initializing Spring TestDispatcherServlet ''
2020-05-06 17:43:06.765  INFO 12132 --- [    Test worker] o.s.t.web.servlet.TestDispatcherServlet  : Initializing Servlet ''
2020-05-06 17:43:06.768  INFO 12132 --- [    Test worker] o.s.t.web.servlet.TestDispatcherServlet  : Completed initialization in 3 ms
Hibernate: insert into posts (created_date, modified_date, author, content, title) values (?, ?, ?, ?, ?)
Hibernate: select posts0_.id as id1_0_, posts0_.created_date as created_2_0_, posts0_.modified_date as modified3_0_, posts0_.author as author4_0_, posts0_.content as content5_0_, posts0_.title as title6_0_ from posts posts0_
Hibernate: select posts0_.id as id1_0_, posts0_.created_date as created_2_0_, posts0_.modified_date as modified3_0_, posts0_.author as author4_0_, posts0_.content as content5_0_, posts0_.title as title6_0_ from posts posts0_
Hibernate: delete from posts where id=?
2020-05-06 17:43:06.844  INFO 12132 --- [    Test worker] o.a.c.c.C.[Tomcat].[localhost].[/]       : Initializing Spring TestDispatcherServlet ''
2020-05-06 17:43:06.845  INFO 12132 --- [    Test worker] o.s.t.web.servlet.TestDispatcherServlet  : Initializing Servlet ''
2020-05-06 17:43:06.848  INFO 12132 --- [    Test worker] o.s.t.web.servlet.TestDispatcherServlet  : Completed initialization in 3 ms
Hibernate: insert into posts (created_date, modified_date, author, content, title) values (?, ?, ?, ?, ?)
Hibernate: select posts0_.id as id1_0_0_, posts0_.created_date as created_2_0_0_, posts0_.modified_date as modified3_0_0_, posts0_.author as author4_0_0_, posts0_.content as content5_0_0_, posts0_.title as title6_0_0_ from posts posts0_ where posts0_.id=?
Hibernate: update posts set created_date=?, modified_date=?, author=?, content=?, title=? where id=?
Hibernate: select posts0_.id as id1_0_, posts0_.created_date as created_2_0_, posts0_.modified_date as modified3_0_, posts0_.author as author4_0_, posts0_.content as content5_0_, posts0_.title as title6_0_ from posts posts0_
Hibernate: select posts0_.id as id1_0_, posts0_.created_date as created_2_0_, posts0_.modified_date as modified3_0_, posts0_.author as author4_0_, posts0_.content as content5_0_, posts0_.title as title6_0_ from posts posts0_
Hibernate: delete from posts where id=?
]]></system-out>
  <system-err><![CDATA[]]></system-err>
</testsuite>
