<?xml version="1.0" encoding="UTF-8"?>
<testsuite name="com.jojoldu.book.springboot.web.IndexControllerTest" tests="1" skipped="0" failures="0" errors="0" timestamp="2020-05-27T02:26:14" hostname="DESKTOP-BTAJGI1" time="0.147">
  <properties/>
  <testcase name="메인페이지_로딩" classname="com.jojoldu.book.springboot.web.IndexControllerTest" time="0.147"/>
  <system-out><![CDATA[2020-05-27 11:26:14.292  INFO 12432 --- [    Test worker] .b.t.c.SpringBootTestContextBootstrapper : Neither @ContextConfiguration nor @ContextHierarchy found for test class [com.jojoldu.book.springboot.web.IndexControllerTest], using SpringBootContextLoader
2020-05-27 11:26:14.292  INFO 12432 --- [    Test worker] o.s.t.c.support.AbstractContextLoader    : Could not detect default resource locations for test class [com.jojoldu.book.springboot.web.IndexControllerTest]: no resource found for suffixes {-context.xml, Context.groovy}.
2020-05-27 11:26:14.292  INFO 12432 --- [    Test worker] t.c.s.AnnotationConfigContextLoaderUtils : Could not detect default configuration classes for test class [com.jojoldu.book.springboot.web.IndexControllerTest]: IndexControllerTest does not declare any static, non-private, non-final, nested classes annotated with @Configuration.
2020-05-27 11:26:14.292  INFO 12432 --- [    Test worker] .b.t.c.SpringBootTestContextBootstrapper : Found @SpringBootConfiguration com.jojoldu.book.springboot.Application for test class com.jojoldu.book.springboot.web.IndexControllerTest
2020-05-27 11:26:14.292  INFO 12432 --- [    Test worker] .b.t.c.SpringBootTestContextBootstrapper : Loaded default TestExecutionListener class names from location [META-INF/spring.factories]: [org.springframework.security.test.context.support.WithSecurityContextTestExecutionListener, org.springframework.security.test.context.support.ReactorContextTestExecutionListener, org.springframework.boot.test.autoconfigure.restdocs.RestDocsTestExecutionListener, org.springframework.boot.test.autoconfigure.web.client.MockRestServiceServerResetTestExecutionListener, org.springframework.boot.test.autoconfigure.web.servlet.MockMvcPrintOnlyOnFailureTestExecutionListener, org.springframework.boot.test.autoconfigure.web.servlet.WebDriverTestExecutionListener, org.springframework.boot.test.mock.mockito.MockitoTestExecutionListener, org.springframework.boot.test.mock.mockito.ResetMocksTestExecutionListener, org.springframework.test.context.web.ServletTestExecutionListener, org.springframework.test.context.support.DirtiesContextBeforeModesTestExecutionListener, org.springframework.test.context.support.DependencyInjectionTestExecutionListener, org.springframework.test.context.support.DirtiesContextTestExecutionListener, org.springframework.test.context.transaction.TransactionalTestExecutionListener, org.springframework.test.context.jdbc.SqlScriptsTestExecutionListener]
2020-05-27 11:26:14.308  INFO 12432 --- [    Test worker] .b.t.c.SpringBootTestContextBootstrapper : Using TestExecutionListeners: [org.springframework.test.context.web.ServletTestExecutionListener@27ee6481, org.springframework.test.context.support.DirtiesContextBeforeModesTestExecutionListener@43a63885, org.springframework.boot.test.mock.mockito.MockitoTestExecutionListener@1d1e574f, org.springframework.boot.test.autoconfigure.SpringBootDependencyInjectionTestExecutionListener@1fc364d5, org.springframework.test.context.support.DirtiesContextTestExecutionListener@4b5dc1c0, org.springframework.test.context.transaction.TransactionalTestExecutionListener@394dba3e, org.springframework.test.context.jdbc.SqlScriptsTestExecutionListener@56863677, org.springframework.security.test.context.support.WithSecurityContextTestExecutionListener@526715be, org.springframework.security.test.context.support.ReactorContextTestExecutionListener@77918df3, org.springframework.boot.test.autoconfigure.restdocs.RestDocsTestExecutionListener@23594575, org.springframework.boot.test.autoconfigure.web.client.MockRestServiceServerResetTestExecutionListener@440beae7, org.springframework.boot.test.autoconfigure.web.servlet.MockMvcPrintOnlyOnFailureTestExecutionListener@2eabdd3d, org.springframework.boot.test.autoconfigure.web.servlet.WebDriverTestExecutionListener@552e230e, org.springframework.boot.test.mock.mockito.ResetMocksTestExecutionListener@3c35a633]
2020-05-27 11:26:14.386  INFO 12432 --- [o-auto-1-exec-1] o.a.c.c.C.[Tomcat].[localhost].[/]       : Initializing Spring DispatcherServlet 'dispatcherServlet'
2020-05-27 11:26:14.386  INFO 12432 --- [o-auto-1-exec-1] o.s.web.servlet.DispatcherServlet        : Initializing Servlet 'dispatcherServlet'
2020-05-27 11:26:14.386  INFO 12432 --- [o-auto-1-exec-1] o.s.web.servlet.DispatcherServlet        : Completed initialization in 0 ms
Hibernate: select posts0_.id as id1_0_, posts0_.created_date as created_2_0_, posts0_.modified_date as modified3_0_, posts0_.author as author4_0_, posts0_.content as content5_0_, posts0_.title as title6_0_ from posts posts0_ order by posts0_.id DESC
]]></system-out>
  <system-err><![CDATA[]]></system-err>
</testsuite>
